<?xml version="1.0" encoding="UTF-8"?>
<testsuite name="com.company.logic.RectangleTest" tests="2" skipped="0" failures="0" errors="0" timestamp="2021-05-21T12:10:22" hostname="Martin-iMac" time="0.017">
  <properties/>
  <testcase name="perimeter()" classname="com.company.logic.RectangleTest" time="0.015"/>
  <testcase name="content()" classname="com.company.logic.RectangleTest" time="0.001"/>
  <system-out><![CDATA[]]></system-out>
  <system-err><![CDATA[]]></system-err>
</testsuite>
