<?xml version="1.0" encoding="UTF-8"?>
<testsuite name="com.company.logic.TriangleTest" tests="2" skipped="0" failures="0" errors="0" timestamp="2021-05-18T07:49:19" hostname="Martin-iMac" time="0.019">
  <properties/>
  <testcase name="perimeter()" classname="com.company.logic.TriangleTest" time="0.017"/>
  <testcase name="content()" classname="com.company.logic.TriangleTest" time="0.001"/>
  <system-out><![CDATA[]]></system-out>
  <system-err><![CDATA[]]></system-err>
</testsuite>
